H:\GIT\FFMPEG\VS\FFMPEGDEMO\DEBUG\FFMPEGDEMO.EXE
H:\GIT\FFMPEG\VS\FFMPEGDEMO\DEBUG\FFMPEGDEMO.ILK
H:\GIT\FFMPEG\VS\FFMPEGDEMO\DEBUG\FFMPEGDEMO.PDB
H:\git\ffmpeg\VS\ffmpegdemo\ffmpegdemo\Debug\cl.command.1.tlog
H:\git\ffmpeg\VS\ffmpegdemo\ffmpegdemo\Debug\CL.read.1.tlog
H:\git\ffmpeg\VS\ffmpegdemo\ffmpegdemo\Debug\CL.write.1.tlog
H:\GIT\FFMPEG\VS\FFMPEGDEMO\FFMPEGDEMO\DEBUG\FFMPEGDEMO.EXE.EMBED.MANIFEST
H:\GIT\FFMPEG\VS\FFMPEGDEMO\FFMPEGDEMO\DEBUG\FFMPEGDEMO.EXE.EMBED.MANIFEST.RES
H:\GIT\FFMPEG\VS\FFMPEGDEMO\FFMPEGDEMO\DEBUG\FFMPEGDEMO.EXE.INTERMEDIATE.MANIFEST
H:\GIT\FFMPEG\VS\FFMPEGDEMO\FFMPEGDEMO\DEBUG\FFMPEGDEMO.OBJ
H:\GIT\FFMPEG\VS\FFMPEGDEMO\FFMPEGDEMO\DEBUG\FFMPEGDEMO.PCH
H:\git\ffmpeg\VS\ffmpegdemo\ffmpegdemo\Debug\ffmpegdemo.vcxprojResolveAssemblyReference.cache
H:\git\ffmpeg\VS\ffmpegdemo\ffmpegdemo\Debug\ffmpegdemo.write.1.tlog
H:\git\ffmpeg\VS\ffmpegdemo\ffmpegdemo\Debug\ffmpegdemo_manifest.rc
H:\git\ffmpeg\VS\ffmpegdemo\ffmpegdemo\Debug\link.12100.read.1.tlog
H:\git\ffmpeg\VS\ffmpegdemo\ffmpegdemo\Debug\link.12100.write.1.tlog
H:\git\ffmpeg\VS\ffmpegdemo\ffmpegdemo\Debug\link.12100-cvtres.read.1.tlog
H:\git\ffmpeg\VS\ffmpegdemo\ffmpegdemo\Debug\link.12100-cvtres.write.1.tlog
H:\git\ffmpeg\VS\ffmpegdemo\ffmpegdemo\Debug\link.command.1.tlog
H:\git\ffmpeg\VS\ffmpegdemo\ffmpegdemo\Debug\link.read.1.tlog
H:\git\ffmpeg\VS\ffmpegdemo\ffmpegdemo\Debug\link.write.1.tlog
H:\git\ffmpeg\VS\ffmpegdemo\ffmpegdemo\Debug\link-cvtres.read.1.tlog
H:\git\ffmpeg\VS\ffmpegdemo\ffmpegdemo\Debug\link-cvtres.write.1.tlog
H:\git\ffmpeg\VS\ffmpegdemo\ffmpegdemo\Debug\mt.command.1.tlog
H:\git\ffmpeg\VS\ffmpegdemo\ffmpegdemo\Debug\mt.read.1.tlog
H:\git\ffmpeg\VS\ffmpegdemo\ffmpegdemo\Debug\mt.write.1.tlog
H:\git\ffmpeg\VS\ffmpegdemo\ffmpegdemo\Debug\rc.command.1.tlog
H:\git\ffmpeg\VS\ffmpegdemo\ffmpegdemo\Debug\rc.read.1.tlog
H:\git\ffmpeg\VS\ffmpegdemo\ffmpegdemo\Debug\rc.write.1.tlog
H:\GIT\FFMPEG\VS\FFMPEGDEMO\FFMPEGDEMO\DEBUG\STDAFX.OBJ
H:\git\ffmpeg\VS\ffmpegdemo\ffmpegdemo\Debug\vc100.idb
H:\GIT\FFMPEG\VS\FFMPEGDEMO\FFMPEGDEMO\DEBUG\VC100.PDB
